<?xml version="1.0" encoding="UTF-8"?>
<!-- Generated by org.testng.reporters.JUnitReportReporter -->
<testsuite hostname="DESKTOP-GQ9J60K" failures="0" tests="1" name="com.google.selenium.test.Test1" time="6.729" errors="0" timestamp="2024-03-01T15:15:19 EET" skipped="0">
  <testcase classname="com.google.selenium.test.Test1" name="searchForItem" time="6.729"/>
</testsuite> <!-- com.google.selenium.test.Test1 -->
