<?xml version="1.0" encoding="UTF-8"?>
<!-- Generated by org.testng.reporters.JUnitReportReporter -->
<testsuite hostname="DESKTOP-GQ9J60K" failures="0" tests="4" name="com.google.selenium.test.test3" time="13.419" errors="0" timestamp="2024-03-01T15:15:02 EET" skipped="0">
  <testcase classname="com.google.selenium.test.test3" name="searchForItem" time="3.836"/>
  <testcase classname="com.google.selenium.test.test3" name="chooseItem" time="2.202"/>
  <testcase classname="com.google.selenium.test.test3" name="checkIncrementANdDecrement" time="3.253"/>
  <testcase classname="com.google.selenium.test.test3" name="addToCart" time="4.128"/>
</testsuite> <!-- com.google.selenium.test.test3 -->
