<?xml version="1.0" encoding="UTF-8"?>
<!-- Generated by org.testng.reporters.JUnitReportReporter -->
<testsuite hostname="DESKTOP-GQ9J60K" failures="0" tests="3" name="com.google.selenium.test.test2" time="17.935" errors="0" timestamp="2024-03-01T15:15:47 EET" skipped="0">
  <testcase classname="com.google.selenium.test.test2" name="searchForItem" time="3.518"/>
  <testcase classname="com.google.selenium.test.test2" name="addItem" time="4.530"/>
  <testcase classname="com.google.selenium.test.test2" name="checkOut" time="9.887"/>
</testsuite> <!-- com.google.selenium.test.test2 -->
